2024-3-26 19:4:40  User edited his username => UserID : p/<ch1713708025819CH>/p 
2024-3-26 19:3:31  User edited his username => UserID : p/<ch1713708025819CH>/p 
2024-3-26 19:3:18  User edited his username => UserID : p/<ch1713708025819CH>/p 
2024-3-26 19:3:10  User edited his username => UserID : p/<ch1713708025819CH>/p 
2024-3-26 19:2:46  User edited his username => UserID : p/<ch1713708025819CH>/p 
2024-3-26 19:2:44  User edited his username => UserID : p/<ch1713708025819CH>/p 
2024-3-26 18:52:15  User edited his username => UserID : p/<ch1713708025819CH>/p 
2024-3-26 18:51:15  User edited his username => UserID : p/<ch1713708025819CH>/p 
2024-3-26 18:50:23  User edited his username => UserID : p/<ch1713708025819CH>/p 
2024-3-26 18:48:36  User edited his username => UserID : p/<ch1713708025819CH>/p 
2024-3-26 18:47:40  User edited his username => UserID : p/<ch1713708025819CH>/p 
2024-3-26 18:47:16  User edited his username => UserID : p/<ch1713708025819CH>/p 
2024-3-26 18:26:30  User edited his username => UserID : p/<ch1713708025819CH>/p 
2024-3-23 17:52:36  User logged Into his account => UserID : p/<al1713810244537al>/p 
2024-3-23 17:52:24  User logged Into his account => UserID : p/<al1713810244537al>/p 
2024-3-22 18:42:6  User logged Into his account => UserID : p/<al1713810244537al>/p 
2024-3-22 18:41:50  User logged Into his account => UserID : p/<al1713810244537al>/p 
2024-3-22 18:24:4  new User was Created => UserID : p/<al1713810244537al>/p 
2024-3-21 14:0:51  new User was Created => UserID : p/<te1713708051041ch>/p 
2024-3-21 14:0:25  new User was Created => UserID : p/<ch1713708025819CH>/p 
 
 